# JRE version: Java(TM) SE Runtime Environment (8.0_111-b14) (build 1.8.0_111-b14)
# Java VM: Java HotSpot(TM) 64-Bit Server VM (25.111-b14 mixed mode windows-amd64 compressed oops)
Heap:
 PSYoungGen      total 208896K, used 44331K [0x00000000d6100000, 0x00000000e4780000, 0x0000000100000000)
  eden space 198144K, 22% used [0x00000000d6100000,0x00000000d8c4ac88,0x00000000e2280000)
  from space 10752K, 0% used [0x00000000e2280000,0x00000000e2280000,0x00000000e2d00000)
  to   space 14848K, 0% used [0x00000000e3900000,0x00000000e3900000,0x00000000e4780000)
 ParOldGen       total 102400K, used 27417K [0x0000000082200000, 0x0000000088600000, 0x00000000d6100000)
  object space 102400K, 26% used [0x0000000082200000,0x0000000083cc6650,0x0000000088600000)
 Metaspace       used 59557K, capacity 62250K, committed 62424K, reserved 1103872K
  class space    used 8170K, capacity 8648K, committed 8704K, reserved 1048576K
GC Heap History (10 events):
Event: 24.742 GC heap before
{Heap before GC invocations=10 (full 1):
 PSYoungGen      total 135168K, used 57112K [0x00000000d6100000, 0x00000000df100000, 0x0000000100000000)
  eden space 126976K, 38% used [0x00000000d6100000,0x00000000d90cbd10,0x00000000ddd00000)
  from space 8192K, 99% used [0x00000000de680000,0x00000000dee7a400,0x00000000dee80000)
  to   space 9728K, 0% used [0x00000000ddd00000,0x00000000ddd00000,0x00000000de680000)
 ParOldGen       total 41984K, used 5668K [0x0000000082200000, 0x0000000084b00000, 0x00000000d6100000)
  object space 41984K, 13% used [0x0000000082200000,0x0000000082789160,0x0000000084b00000)
 Metaspace       used 33723K, capacity 35328K, committed 35416K, reserved 1079296K
  class space    used 4421K, capacity 4710K, committed 4736K, reserved 1048576K
Event: 24.750 GC heap after
Heap after GC invocations=10 (full 1):
 PSYoungGen      total 136704K, used 7780K [0x00000000d6100000, 0x00000000e3800000, 0x0000000100000000)
  eden space 126976K, 0% used [0x00000000d6100000,0x00000000d6100000,0x00000000ddd00000)
  from space 9728K, 79% used [0x00000000ddd00000,0x00000000de499170,0x00000000de680000)
  to   space 9728K, 0% used [0x00000000e2e80000,0x00000000e2e80000,0x00000000e3800000)
 ParOldGen       total 41984K, used 6672K [0x0000000082200000, 0x0000000084b00000, 0x00000000d6100000)
  object space 41984K, 15% used [0x0000000082200000,0x0000000082884170,0x0000000084b00000)
 Metaspace       used 33723K, capacity 35328K, committed 35416K, reserved 1079296K
  class space    used 4421K, capacity 4710K, committed 4736K, reserved 1048576K
}
Event: 24.750 GC heap before
{Heap before GC invocations=11 (full 2):
 PSYoungGen      total 136704K, used 7780K [0x00000000d6100000, 0x00000000e3800000, 0x0000000100000000)
  eden space 126976K, 0% used [0x00000000d6100000,0x00000000d6100000,0x00000000ddd00000)
  from space 9728K, 79% used [0x00000000ddd00000,0x00000000de499170,0x00000000de680000)
  to   space 9728K, 0% used [0x00000000e2e80000,0x00000000e2e80000,0x00000000e3800000)
 ParOldGen       total 41984K, used 6672K [0x0000000082200000, 0x0000000084b00000, 0x00000000d6100000)
  object space 41984K, 15% used [0x0000000082200000,0x0000000082884170,0x0000000084b00000)
 Metaspace       used 33723K, capacity 35328K, committed 35416K, reserved 1079296K
  class space    used 4421K, capacity 4710K, committed 4736K, reserved 1048576K
Event: 24.826 GC heap after
Heap after GC invocations=11 (full 2):
 PSYoungGen      total 136704K, used 0K [0x00000000d6100000, 0x00000000e3800000, 0x0000000100000000)
  eden space 126976K, 0% used [0x00000000d6100000,0x00000000d6100000,0x00000000ddd00000)
  from space 9728K, 0% used [0x00000000ddd00000,0x00000000ddd00000,0x00000000de680000)
  to   space 9728K, 0% used [0x00000000e2e80000,0x00000000e2e80000,0x00000000e3800000)
 ParOldGen       total 66048K, used 12865K [0x0000000082200000, 0x0000000086280000, 0x00000000d6100000)
  object space 66048K, 19% used [0x0000000082200000,0x0000000082e904e8,0x0000000086280000)
 Metaspace       used 33723K, capacity 35328K, committed 35416K, reserved 1079296K
  class space    used 4421K, capacity 4710K, committed 4736K, reserved 1048576K
}
Event: 26.546 GC heap before
{Heap before GC invocations=12 (full 2):
 PSYoungGen      total 136704K, used 126976K [0x00000000d6100000, 0x00000000e3800000, 0x0000000100000000)
  eden space 126976K, 100% used [0x00000000d6100000,0x00000000ddd00000,0x00000000ddd00000)
  from space 9728K, 0% used [0x00000000ddd00000,0x00000000ddd00000,0x00000000de680000)
  to   space 9728K, 0% used [0x00000000e2e80000,0x00000000e2e80000,0x00000000e3800000)
 ParOldGen       total 66048K, used 12865K [0x0000000082200000, 0x0000000086280000, 0x00000000d6100000)
  object space 66048K, 19% used [0x0000000082200000,0x0000000082e904e8,0x0000000086280000)
 Metaspace       used 41896K, capacity 44082K, committed 44248K, reserved 1087488K
  class space    used 5424K, capacity 5845K, committed 5888K, reserved 1048576K
Event: 26.557 GC heap after
Heap after GC invocations=12 (full 2):
 PSYoungGen      total 171520K, used 9099K [0x00000000d6100000, 0x00000000e3780000, 0x0000000100000000)
  eden space 162304K, 0% used [0x00000000d6100000,0x00000000d6100000,0x00000000dff80000)
  from space 9216K, 98% used [0x00000000e2e80000,0x00000000e3762f10,0x00000000e3780000)
  to   space 10752K, 0% used [0x00000000e2280000,0x00000000e2280000,0x00000000e2d00000)
 ParOldGen       total 66048K, used 12873K [0x0000000082200000, 0x0000000086280000, 0x00000000d6100000)
  object space 66048K, 19% used [0x0000000082200000,0x0000000082e924e8,0x0000000086280000)
 Metaspace       used 41896K, capacity 44082K, committed 44248K, reserved 1087488K
  class space    used 5424K, capacity 5845K, committed 5888K, reserved 1048576K
}
Event: 28.228 GC heap before
{Heap before GC invocations=13 (full 2):
 PSYoungGen      total 171520K, used 164256K [0x00000000d6100000, 0x00000000e3780000, 0x0000000100000000)
  eden space 162304K, 95% used [0x00000000d6100000,0x00000000df885460,0x00000000dff80000)
  from space 9216K, 98% used [0x00000000e2e80000,0x00000000e3762f10,0x00000000e3780000)
  to   space 10752K, 0% used [0x00000000e2280000,0x00000000e2280000,0x00000000e2d00000)
 ParOldGen       total 66048K, used 12873K [0x0000000082200000, 0x0000000086280000, 0x00000000d6100000)
  object space 66048K, 19% used [0x0000000082200000,0x0000000082e924e8,0x0000000086280000)
 Metaspace       used 56345K, capacity 58860K, committed 59028K, reserved 1099776K
  class space    used 7734K, capacity 8201K, committed 8320K, reserved 1048576K
Event: 28.254 GC heap after
Heap after GC invocations=13 (full 2):
 PSYoungGen      total 208896K, used 10729K [0x00000000d6100000, 0x00000000e4780000, 0x0000000100000000)
  eden space 198144K, 0% used [0x00000000d6100000,0x00000000d6100000,0x00000000e2280000)
  from space 10752K, 99% used [0x00000000e2280000,0x00000000e2cfa628,0x00000000e2d00000)
  to   space 14848K, 0% used [0x00000000e3900000,0x00000000e3900000,0x00000000e4780000)
 ParOldGen       total 66048K, used 20362K [0x0000000082200000, 0x0000000086280000, 0x00000000d6100000)
  object space 66048K, 30% used [0x0000000082200000,0x00000000835e2960,0x0000000086280000)
 Metaspace       used 56345K, capacity 58860K, committed 59028K, reserved 1099776K
  class space    used 7734K, capacity 8201K, committed 8320K, reserved 1048576K
}
Event: 28.255 GC heap before
{Heap before GC invocations=14 (full 3):
 PSYoungGen      total 208896K, used 10729K [0x00000000d6100000, 0x00000000e4780000, 0x0000000100000000)
  eden space 198144K, 0% used [0x00000000d6100000,0x00000000d6100000,0x00000000e2280000)
  from space 10752K, 99% used [0x00000000e2280000,0x00000000e2cfa628,0x00000000e2d00000)
  to   space 14848K, 0% used [0x00000000e3900000,0x00000000e3900000,0x00000000e4780000)
 ParOldGen       total 66048K, used 20362K [0x0000000082200000, 0x0000000086280000, 0x00000000d6100000)
  object space 66048K, 30% used [0x0000000082200000,0x00000000835e2960,0x0000000086280000)
 Metaspace       used 56345K, capacity 58860K, committed 59028K, reserved 1099776K
  class space    used 7734K, capacity 8201K, committed 8320K, reserved 1048576K
Event: 28.410 GC heap after
Heap after GC invocations=14 (full 3):
 PSYoungGen      total 208896K, used 0K [0x00000000d6100000, 0x00000000e4780000, 0x0000000100000000)
  eden space 198144K, 0% used [0x00000000d6100000,0x00000000d6100000,0x00000000e2280000)
  from space 10752K, 0% used [0x00000000e2280000,0x00000000e2280000,0x00000000e2d00000)
  to   space 14848K, 0% used [0x00000000e3900000,0x00000000e3900000,0x00000000e4780000)
 ParOldGen       total 102400K, used 27417K [0x0000000082200000, 0x0000000088600000, 0x00000000d6100000)
  object space 102400K, 26% used [0x0000000082200000,0x0000000083cc6650,0x0000000088600000)
 Metaspace       used 56345K, capacity 58860K, committed 59028K, reserved 1099776K
  class space    used 7734K, capacity 8201K, committed 8320K, reserved 1048576K
}

