# JRE version: Java(TM) SE Runtime Environment (8.0_111-b14) (build 1.8.0_111-b14)
# Java VM: Java HotSpot(TM) 64-Bit Server VM (25.111-b14 mixed mode windows-amd64 compressed oops)
Heap:
 PSYoungGen      total 135168K, used 21643K [0x00000000d6100000, 0x00000000e3580000, 0x0000000100000000)
  eden space 125952K, 17% used [0x00000000d6100000,0x00000000d7622d38,0x00000000ddc00000)
  from space 9216K, 0% used [0x00000000ddc00000,0x00000000ddc00000,0x00000000de500000)
  to   space 9728K, 0% used [0x00000000e2c00000,0x00000000e2c00000,0x00000000e3580000)
 ParOldGen       total 41984K, used 12964K [0x0000000082200000, 0x0000000084b00000, 0x00000000d6100000)
  object space 41984K, 30% used [0x0000000082200000,0x0000000082ea93f0,0x0000000084b00000)
 Metaspace       used 35697K, capacity 37756K, committed 37976K, reserved 1081344K
  class space    used 4752K, capacity 5126K, committed 5248K, reserved 1048576K
GC Heap History (10 events):
Event: 23.744 GC heap before
{Heap before GC invocations=7 (full 1):
 PSYoungGen      total 37888K, used 32768K [0x00000000d6100000, 0x00000000db200000, 0x0000000100000000)
  eden space 32768K, 100% used [0x00000000d6100000,0x00000000d8100000,0x00000000d8100000)
  from space 5120K, 0% used [0x00000000d8100000,0x00000000d8100000,0x00000000d8600000)
  to   space 8704K, 0% used [0x00000000da980000,0x00000000da980000,0x00000000db200000)
 ParOldGen       total 41984K, used 5095K [0x0000000082200000, 0x0000000084b00000, 0x00000000d6100000)
  object space 41984K, 12% used [0x0000000082200000,0x00000000826f9da0,0x0000000084b00000)
 Metaspace       used 23720K, capacity 24630K, committed 24832K, reserved 1071104K
  class space    used 3072K, capacity 3267K, committed 3328K, reserved 1048576K
Event: 23.748 GC heap after
Heap after GC invocations=7 (full 1):
 PSYoungGen      total 72192K, used 4275K [0x00000000d6100000, 0x00000000db100000, 0x0000000100000000)
  eden space 64512K, 0% used [0x00000000d6100000,0x00000000d6100000,0x00000000da000000)
  from space 7680K, 55% used [0x00000000da980000,0x00000000dadacec8,0x00000000db100000)
  to   space 8704K, 0% used [0x00000000da000000,0x00000000da000000,0x00000000da880000)
 ParOldGen       total 41984K, used 5103K [0x0000000082200000, 0x0000000084b00000, 0x00000000d6100000)
  object space 41984K, 12% used [0x0000000082200000,0x00000000826fbda0,0x0000000084b00000)
 Metaspace       used 23720K, capacity 24630K, committed 24832K, reserved 1071104K
  class space    used 3072K, capacity 3267K, committed 3328K, reserved 1048576K
}
Event: 24.029 GC heap before
{Heap before GC invocations=8 (full 1):
 PSYoungGen      total 72192K, used 68787K [0x00000000d6100000, 0x00000000db100000, 0x0000000100000000)
  eden space 64512K, 100% used [0x00000000d6100000,0x00000000da000000,0x00000000da000000)
  from space 7680K, 55% used [0x00000000da980000,0x00000000dadacec8,0x00000000db100000)
  to   space 8704K, 0% used [0x00000000da000000,0x00000000da000000,0x00000000da880000)
 ParOldGen       total 41984K, used 5103K [0x0000000082200000, 0x0000000084b00000, 0x00000000d6100000)
  object space 41984K, 12% used [0x0000000082200000,0x00000000826fbda0,0x0000000084b00000)
 Metaspace       used 25615K, capacity 26580K, committed 26880K, reserved 1073152K
  class space    used 3273K, capacity 3468K, committed 3584K, reserved 1048576K
Event: 24.036 GC heap after
Heap after GC invocations=8 (full 1):
 PSYoungGen      total 73216K, used 4530K [0x00000000d6100000, 0x00000000ded00000, 0x0000000100000000)
  eden space 64512K, 0% used [0x00000000d6100000,0x00000000d6100000,0x00000000da000000)
  from space 8704K, 52% used [0x00000000da000000,0x00000000da46c878,0x00000000da880000)
  to   space 8192K, 0% used [0x00000000de500000,0x00000000de500000,0x00000000ded00000)
 ParOldGen       total 41984K, used 5111K [0x0000000082200000, 0x0000000084b00000, 0x00000000d6100000)
  object space 41984K, 12% used [0x0000000082200000,0x00000000826fdda0,0x0000000084b00000)
 Metaspace       used 25615K, capacity 26580K, committed 26880K, reserved 1073152K
  class space    used 3273K, capacity 3468K, committed 3584K, reserved 1048576K
}
Event: 24.816 GC heap before
{Heap before GC invocations=9 (full 1):
 PSYoungGen      total 73216K, used 69042K [0x00000000d6100000, 0x00000000ded00000, 0x0000000100000000)
  eden space 64512K, 100% used [0x00000000d6100000,0x00000000da000000,0x00000000da000000)
  from space 8704K, 52% used [0x00000000da000000,0x00000000da46c878,0x00000000da880000)
  to   space 8192K, 0% used [0x00000000de500000,0x00000000de500000,0x00000000ded00000)
 ParOldGen       total 41984K, used 5111K [0x0000000082200000, 0x0000000084b00000, 0x00000000d6100000)
  object space 41984K, 12% used [0x0000000082200000,0x00000000826fdda0,0x0000000084b00000)
 Metaspace       used 30273K, capacity 31650K, committed 32000K, reserved 1077248K
  class space    used 3945K, capacity 4225K, committed 4352K, reserved 1048576K
Event: 24.825 GC heap after
Heap after GC invocations=9 (full 1):
 PSYoungGen      total 134144K, used 8186K [0x00000000d6100000, 0x00000000dee80000, 0x0000000100000000)
  eden space 125952K, 0% used [0x00000000d6100000,0x00000000d6100000,0x00000000ddc00000)
  from space 8192K, 99% used [0x00000000de500000,0x00000000decfea78,0x00000000ded00000)
  to   space 9216K, 0% used [0x00000000ddc00000,0x00000000ddc00000,0x00000000de500000)
 ParOldGen       total 41984K, used 5707K [0x0000000082200000, 0x0000000084b00000, 0x00000000d6100000)
  object space 41984K, 13% used [0x0000000082200000,0x0000000082792e88,0x0000000084b00000)
 Metaspace       used 30273K, capacity 31650K, committed 32000K, reserved 1077248K
  class space    used 3945K, capacity 4225K, committed 4352K, reserved 1048576K
}
Event: 25.393 GC heap before
{Heap before GC invocations=10 (full 1):
 PSYoungGen      total 134144K, used 59494K [0x00000000d6100000, 0x00000000dee80000, 0x0000000100000000)
  eden space 125952K, 40% used [0x00000000d6100000,0x00000000d931af70,0x00000000ddc00000)
  from space 8192K, 99% used [0x00000000de500000,0x00000000decfea78,0x00000000ded00000)
  to   space 9216K, 0% used [0x00000000ddc00000,0x00000000ddc00000,0x00000000de500000)
 ParOldGen       total 41984K, used 5707K [0x0000000082200000, 0x0000000084b00000, 0x00000000d6100000)
  object space 41984K, 13% used [0x0000000082200000,0x0000000082792e88,0x0000000084b00000)
 Metaspace       used 33720K, capacity 35304K, committed 35416K, reserved 1079296K
  class space    used 4424K, capacity 4710K, committed 4736K, reserved 1048576K
Event: 25.402 GC heap after
Heap after GC invocations=10 (full 1):
 PSYoungGen      total 135168K, used 7820K [0x00000000d6100000, 0x00000000e3580000, 0x0000000100000000)
  eden space 125952K, 0% used [0x00000000d6100000,0x00000000d6100000,0x00000000ddc00000)
  from space 9216K, 84% used [0x00000000ddc00000,0x00000000de3a30d8,0x00000000de500000)
  to   space 9728K, 0% used [0x00000000e2c00000,0x00000000e2c00000,0x00000000e3580000)
 ParOldGen       total 41984K, used 6735K [0x0000000082200000, 0x0000000084b00000, 0x00000000d6100000)
  object space 41984K, 16% used [0x0000000082200000,0x0000000082893e98,0x0000000084b00000)
 Metaspace       used 33720K, capacity 35304K, committed 35416K, reserved 1079296K
  class space    used 4424K, capacity 4710K, committed 4736K, reserved 1048576K
}
Event: 25.403 GC heap before
{Heap before GC invocations=11 (full 2):
 PSYoungGen      total 135168K, used 7820K [0x00000000d6100000, 0x00000000e3580000, 0x0000000100000000)
  eden space 125952K, 0% used [0x00000000d6100000,0x00000000d6100000,0x00000000ddc00000)
  from space 9216K, 84% used [0x00000000ddc00000,0x00000000de3a30d8,0x00000000de500000)
  to   space 9728K, 0% used [0x00000000e2c00000,0x00000000e2c00000,0x00000000e3580000)
 ParOldGen       total 41984K, used 6735K [0x0000000082200000, 0x0000000084b00000, 0x00000000d6100000)
  object space 41984K, 16% used [0x0000000082200000,0x0000000082893e98,0x0000000084b00000)
 Metaspace       used 33720K, capacity 35304K, committed 35416K, reserved 1079296K
  class space    used 4424K, capacity 4710K, committed 4736K, reserved 1048576K
Event: 25.486 GC heap after
Heap after GC invocations=11 (full 2):
 PSYoungGen      total 135168K, used 0K [0x00000000d6100000, 0x00000000e3580000, 0x0000000100000000)
  eden space 125952K, 0% used [0x00000000d6100000,0x00000000d6100000,0x00000000ddc00000)
  from space 9216K, 0% used [0x00000000ddc00000,0x00000000ddc00000,0x00000000de500000)
  to   space 9728K, 0% used [0x00000000e2c00000,0x00000000e2c00000,0x00000000e3580000)
 ParOldGen       total 41984K, used 12964K [0x0000000082200000, 0x0000000084b00000, 0x00000000d6100000)
  object space 41984K, 30% used [0x0000000082200000,0x0000000082ea93f0,0x0000000084b00000)
 Metaspace       used 33720K, capacity 35304K, committed 35416K, reserved 1079296K
  class space    used 4424K, capacity 4710K, committed 4736K, reserved 1048576K
}

